<?xml version="1.0" encoding="UTF-8"?>
<!-- Generated by org.testng.reporters.JUnitReportReporter -->
<testsuite hostname="CESCHNDES-0007" name="com.test.scripts.AppiumTestNG" tests="1" failures="0" timestamp="6 Mar 2015 15:08:20 GMT" time="76.471" errors="0">
  <testcase name="oasisC1SOC" time="76.471" classname="com.test.scripts.AppiumTestNG"/>
</testsuite> <!-- com.test.scripts.AppiumTestNG -->
